<?xml version="1.0" encoding="UTF-8"?>
<!-- Generated by org.testng.reporters.JUnitXMLReporter -->
<testsuite hostname="Fahims-MBP-6" ignored="2" name="HeaderTest" tests="1" failures="0" timestamp="2020-02-09T20:53:47 EST" time="22.395" errors="0">
  <testcase name="Home" time="16.513" classname="Test.AllTestRunner"/>
  <testcase name="sunTrustHome" time="0.0" classname="Test.AllTestRunner">
    <ignored/>
  </testcase> <!-- sunTrustHome -->
  <testcase name="llBeansInc" time="0.0" classname="Test.AllTestRunner">
    <ignored/>
  </testcase> <!-- llBeansInc -->
</testsuite> <!-- HeaderTest -->
